[21-Sep-2025 18:10:22 America/Guatemala] PHP Fatal error:  Access level to AuthController::jsonResponse() must be protected (as in class BaseController) or weaker in /Applications/MAMP/htdocs/sistema_mercado/controllers/AuthController.php on line 509
[21-Sep-2025 18:10:23 America/Guatemala] PHP Fatal error:  Access level to AuthController::jsonResponse() must be protected (as in class BaseController) or weaker in /Applications/MAMP/htdocs/sistema_mercado/controllers/AuthController.php on line 509
[21-Sep-2025 18:10:24 America/Guatemala] PHP Fatal error:  Access level to AuthController::jsonResponse() must be protected (as in class BaseController) or weaker in /Applications/MAMP/htdocs/sistema_mercado/controllers/AuthController.php on line 509
[21-Sep-2025 18:10:24 America/Guatemala] PHP Fatal error:  Access level to AuthController::jsonResponse() must be protected (as in class BaseController) or weaker in /Applications/MAMP/htdocs/sistema_mercado/controllers/AuthController.php on line 509
[21-Sep-2025 18:10:25 America/Guatemala] PHP Fatal error:  Access level to AuthController::jsonResponse() must be protected (as in class BaseController) or weaker in /Applications/MAMP/htdocs/sistema_mercado/controllers/AuthController.php on line 509
[21-Sep-2025 18:10:25 America/Guatemala] PHP Fatal error:  Access level to AuthController::jsonResponse() must be protected (as in class BaseController) or weaker in /Applications/MAMP/htdocs/sistema_mercado/controllers/AuthController.php on line 509
[21-Sep-2025 18:15:46 America/Guatemala] PHP Fatal error:  Access level to AuthController::jsonResponse() must be protected (as in class BaseController) or weaker in /Applications/MAMP/htdocs/sistema_mercado/controllers/AuthController.php on line 509
[21-Sep-2025 18:15:58 America/Guatemala] PHP Fatal error:  Access level to AuthController::jsonResponse() must be protected (as in class BaseController) or weaker in /Applications/MAMP/htdocs/sistema_mercado/controllers/AuthController.php on line 509
[21-Sep-2025 18:16:00 America/Guatemala] PHP Fatal error:  Access level to AuthController::jsonResponse() must be protected (as in class BaseController) or weaker in /Applications/MAMP/htdocs/sistema_mercado/controllers/AuthController.php on line 509
[21-Sep-2025 18:16:01 America/Guatemala] PHP Fatal error:  Access level to AuthController::jsonResponse() must be protected (as in class BaseController) or weaker in /Applications/MAMP/htdocs/sistema_mercado/controllers/AuthController.php on line 509
[21-Sep-2025 18:16:01 America/Guatemala] PHP Fatal error:  Access level to AuthController::jsonResponse() must be protected (as in class BaseController) or weaker in /Applications/MAMP/htdocs/sistema_mercado/controllers/AuthController.php on line 509
[21-Sep-2025 18:16:01 America/Guatemala] PHP Fatal error:  Access level to AuthController::jsonResponse() must be protected (as in class BaseController) or weaker in /Applications/MAMP/htdocs/sistema_mercado/controllers/AuthController.php on line 509
[21-Sep-2025 18:16:01 America/Guatemala] PHP Fatal error:  Access level to AuthController::jsonResponse() must be protected (as in class BaseController) or weaker in /Applications/MAMP/htdocs/sistema_mercado/controllers/AuthController.php on line 509
[21-Sep-2025 18:16:01 America/Guatemala] PHP Fatal error:  Access level to AuthController::jsonResponse() must be protected (as in class BaseController) or weaker in /Applications/MAMP/htdocs/sistema_mercado/controllers/AuthController.php on line 509
[21-Sep-2025 18:16:01 America/Guatemala] PHP Fatal error:  Access level to AuthController::jsonResponse() must be protected (as in class BaseController) or weaker in /Applications/MAMP/htdocs/sistema_mercado/controllers/AuthController.php on line 509
[21-Sep-2025 18:16:32 America/Guatemala] PHP Fatal error:  Access level to AuthController::jsonResponse() must be protected (as in class BaseController) or weaker in /Applications/MAMP/htdocs/sistema_mercado/controllers/AuthController.php on line 509
[21-Sep-2025 18:16:39 America/Guatemala] PHP Warning:  include(/Applications/MAMP/htdocs/sistema_mercado/views/errors/404.php): Failed to open stream: No such file or directory in /Applications/MAMP/htdocs/sistema_mercado/helpers/Router.php on line 248
[21-Sep-2025 18:16:39 America/Guatemala] PHP Warning:  include(): Failed opening '/Applications/MAMP/htdocs/sistema_mercado/views/errors/404.php' for inclusion (include_path='.:/Applications/MAMP/bin/php/php8.2.0/lib/php') in /Applications/MAMP/htdocs/sistema_mercado/helpers/Router.php on line 248
[21-Sep-2025 18:16:44 America/Guatemala] PHP Warning:  include(/Applications/MAMP/htdocs/sistema_mercado/views/errors/404.php): Failed to open stream: No such file or directory in /Applications/MAMP/htdocs/sistema_mercado/helpers/Router.php on line 248
[21-Sep-2025 18:16:44 America/Guatemala] PHP Warning:  include(): Failed opening '/Applications/MAMP/htdocs/sistema_mercado/views/errors/404.php' for inclusion (include_path='.:/Applications/MAMP/bin/php/php8.2.0/lib/php') in /Applications/MAMP/htdocs/sistema_mercado/helpers/Router.php on line 248
[21-Sep-2025 18:17:38 America/Guatemala] PHP Warning:  include(/Applications/MAMP/htdocs/sistema_mercado/views/errors/404.php): Failed to open stream: No such file or directory in /Applications/MAMP/htdocs/sistema_mercado/helpers/Router.php on line 248
[21-Sep-2025 18:17:38 America/Guatemala] PHP Warning:  include(): Failed opening '/Applications/MAMP/htdocs/sistema_mercado/views/errors/404.php' for inclusion (include_path='.:/Applications/MAMP/bin/php/php8.2.0/lib/php') in /Applications/MAMP/htdocs/sistema_mercado/helpers/Router.php on line 248
[21-Sep-2025 18:17:39 America/Guatemala] PHP Warning:  include(/Applications/MAMP/htdocs/sistema_mercado/views/errors/404.php): Failed to open stream: No such file or directory in /Applications/MAMP/htdocs/sistema_mercado/helpers/Router.php on line 248
[21-Sep-2025 18:17:39 America/Guatemala] PHP Warning:  include(): Failed opening '/Applications/MAMP/htdocs/sistema_mercado/views/errors/404.php' for inclusion (include_path='.:/Applications/MAMP/bin/php/php8.2.0/lib/php') in /Applications/MAMP/htdocs/sistema_mercado/helpers/Router.php on line 248
[21-Sep-2025 18:17:39 America/Guatemala] PHP Warning:  include(/Applications/MAMP/htdocs/sistema_mercado/views/errors/404.php): Failed to open stream: No such file or directory in /Applications/MAMP/htdocs/sistema_mercado/helpers/Router.php on line 248
[21-Sep-2025 18:17:39 America/Guatemala] PHP Warning:  include(): Failed opening '/Applications/MAMP/htdocs/sistema_mercado/views/errors/404.php' for inclusion (include_path='.:/Applications/MAMP/bin/php/php8.2.0/lib/php') in /Applications/MAMP/htdocs/sistema_mercado/helpers/Router.php on line 248
[21-Sep-2025 18:17:39 America/Guatemala] PHP Warning:  include(/Applications/MAMP/htdocs/sistema_mercado/views/errors/404.php): Failed to open stream: No such file or directory in /Applications/MAMP/htdocs/sistema_mercado/helpers/Router.php on line 248
[21-Sep-2025 18:17:39 America/Guatemala] PHP Warning:  include(): Failed opening '/Applications/MAMP/htdocs/sistema_mercado/views/errors/404.php' for inclusion (include_path='.:/Applications/MAMP/bin/php/php8.2.0/lib/php') in /Applications/MAMP/htdocs/sistema_mercado/helpers/Router.php on line 248
[21-Sep-2025 18:17:39 America/Guatemala] PHP Warning:  include(/Applications/MAMP/htdocs/sistema_mercado/views/errors/404.php): Failed to open stream: No such file or directory in /Applications/MAMP/htdocs/sistema_mercado/helpers/Router.php on line 248
[21-Sep-2025 18:17:39 America/Guatemala] PHP Warning:  include(): Failed opening '/Applications/MAMP/htdocs/sistema_mercado/views/errors/404.php' for inclusion (include_path='.:/Applications/MAMP/bin/php/php8.2.0/lib/php') in /Applications/MAMP/htdocs/sistema_mercado/helpers/Router.php on line 248
[21-Sep-2025 19:16:25 America/Guatemala] PHP Fatal error:  Access level to AuthController::jsonResponse() must be protected (as in class BaseController) or weaker in /Applications/MAMP/htdocs/sistema_mercado/controllers/AuthController.php on line 509
[21-Sep-2025 19:16:31 America/Guatemala] PHP Fatal error:  Access level to AuthController::jsonResponse() must be protected (as in class BaseController) or weaker in /Applications/MAMP/htdocs/sistema_mercado/controllers/AuthController.php on line 509
[21-Sep-2025 19:16:59 America/Guatemala] PHP Fatal error:  Access level to AuthController::jsonResponse() must be protected (as in class BaseController) or weaker in /Applications/MAMP/htdocs/sistema_mercado/controllers/AuthController.php on line 509
[21-Sep-2025 19:18:59 America/Guatemala] PHP Fatal error:  Access level to AuthController::jsonResponse() must be protected (as in class BaseController) or weaker in /Applications/MAMP/htdocs/sistema_mercado/controllers/AuthController.php on line 509
[21-Sep-2025 19:19:02 America/Guatemala] PHP Fatal error:  Access level to AuthController::jsonResponse() must be protected (as in class BaseController) or weaker in /Applications/MAMP/htdocs/sistema_mercado/controllers/AuthController.php on line 509
[21-Sep-2025 19:19:47 America/Guatemala] PHP Fatal error:  Access level to AuthController::jsonResponse() must be protected (as in class BaseController) or weaker in /Applications/MAMP/htdocs/sistema_mercado/controllers/AuthController.php on line 509
[21-Sep-2025 19:19:49 America/Guatemala] PHP Fatal error:  Access level to AuthController::jsonResponse() must be protected (as in class BaseController) or weaker in /Applications/MAMP/htdocs/sistema_mercado/controllers/AuthController.php on line 509
[21-Sep-2025 19:19:50 America/Guatemala] PHP Fatal error:  Access level to AuthController::jsonResponse() must be protected (as in class BaseController) or weaker in /Applications/MAMP/htdocs/sistema_mercado/controllers/AuthController.php on line 509
[21-Sep-2025 19:19:50 America/Guatemala] PHP Fatal error:  Access level to AuthController::jsonResponse() must be protected (as in class BaseController) or weaker in /Applications/MAMP/htdocs/sistema_mercado/controllers/AuthController.php on line 509
[21-Sep-2025 19:19:50 America/Guatemala] PHP Fatal error:  Access level to AuthController::jsonResponse() must be protected (as in class BaseController) or weaker in /Applications/MAMP/htdocs/sistema_mercado/controllers/AuthController.php on line 509
[21-Sep-2025 19:19:50 America/Guatemala] PHP Fatal error:  Access level to AuthController::jsonResponse() must be protected (as in class BaseController) or weaker in /Applications/MAMP/htdocs/sistema_mercado/controllers/AuthController.php on line 509
[21-Sep-2025 19:19:50 America/Guatemala] PHP Fatal error:  Access level to AuthController::jsonResponse() must be protected (as in class BaseController) or weaker in /Applications/MAMP/htdocs/sistema_mercado/controllers/AuthController.php on line 509
[21-Sep-2025 19:19:51 America/Guatemala] PHP Fatal error:  Access level to AuthController::jsonResponse() must be protected (as in class BaseController) or weaker in /Applications/MAMP/htdocs/sistema_mercado/controllers/AuthController.php on line 509
[21-Sep-2025 19:19:51 America/Guatemala] PHP Fatal error:  Access level to AuthController::jsonResponse() must be protected (as in class BaseController) or weaker in /Applications/MAMP/htdocs/sistema_mercado/controllers/AuthController.php on line 509
[21-Sep-2025 19:19:51 America/Guatemala] PHP Fatal error:  Access level to AuthController::jsonResponse() must be protected (as in class BaseController) or weaker in /Applications/MAMP/htdocs/sistema_mercado/controllers/AuthController.php on line 509
[21-Sep-2025 19:19:51 America/Guatemala] PHP Fatal error:  Access level to AuthController::jsonResponse() must be protected (as in class BaseController) or weaker in /Applications/MAMP/htdocs/sistema_mercado/controllers/AuthController.php on line 509
[21-Sep-2025 19:49:52 America/Guatemala] PHP Fatal error:  Access level to AuthController::jsonResponse() must be protected (as in class BaseController) or weaker in /Applications/MAMP/htdocs/sistema_mercado/controllers/AuthController.php on line 509
[21-Sep-2025 19:50:11 America/Guatemala] PHP Fatal error:  Access level to AuthController::jsonResponse() must be protected (as in class BaseController) or weaker in /Applications/MAMP/htdocs/sistema_mercado/controllers/AuthController.php on line 509
[21-Sep-2025 19:53:05 America/Guatemala] PHP Fatal error:  Access level to AuthController::jsonResponse() must be protected (as in class BaseController) or weaker in /Applications/MAMP/htdocs/sistema_mercado/controllers/AuthController.php on line 509
[21-Sep-2025 19:58:43 America/Guatemala] PHP Warning:  include(/Applications/MAMP/htdocs/sistema_mercado/views/auth/login.php): Failed to open stream: No such file or directory in /Applications/MAMP/htdocs/sistema_mercado/views/layouts/auth.php on line 330
[21-Sep-2025 19:58:43 America/Guatemala] PHP Warning:  include(): Failed opening '/Applications/MAMP/htdocs/sistema_mercado/views/auth/login.php' for inclusion (include_path='.:/Applications/MAMP/bin/php/php8.2.0/lib/php') in /Applications/MAMP/htdocs/sistema_mercado/views/layouts/auth.php on line 330
[21-Sep-2025 22:29:27 America/Guatemala] PHP Fatal error:  Declaration of InquilinosController::view($id) must be compatible with BaseController::view($viewFile, $data = []) in /Applications/MAMP/htdocs/sistema_mercado/controllers/InquilinosController.php on line 307
[21-Sep-2025 22:29:58 America/Guatemala] PHP Fatal error:  Declaration of InquilinosController::view($id) must be compatible with BaseController::view($viewFile, $data = []) in /Applications/MAMP/htdocs/sistema_mercado/controllers/InquilinosController.php on line 307
[21-Sep-2025 22:30:04 America/Guatemala] PHP Fatal error:  Declaration of InquilinosController::view($id) must be compatible with BaseController::view($viewFile, $data = []) in /Applications/MAMP/htdocs/sistema_mercado/controllers/InquilinosController.php on line 307
[21-Sep-2025 22:30:23 America/Guatemala] PHP Fatal error:  Declaration of InquilinosController::view($id) must be compatible with BaseController::view($viewFile, $data = []) in /Applications/MAMP/htdocs/sistema_mercado/controllers/InquilinosController.php on line 307
[21-Sep-2025 22:30:28 America/Guatemala] PHP Fatal error:  Declaration of InquilinosController::view($id) must be compatible with BaseController::view($viewFile, $data = []) in /Applications/MAMP/htdocs/sistema_mercado/controllers/InquilinosController.php on line 307
[21-Sep-2025 22:30:52 America/Guatemala] PHP Fatal error:  Declaration of InquilinosController::view($id) must be compatible with BaseController::view($viewFile, $data = []) in /Applications/MAMP/htdocs/sistema_mercado/controllers/InquilinosController.php on line 307
[21-Sep-2025 22:30:56 America/Guatemala] PHP Fatal error:  Declaration of InquilinosController::view($id) must be compatible with BaseController::view($viewFile, $data = []) in /Applications/MAMP/htdocs/sistema_mercado/controllers/InquilinosController.php on line 307
[21-Sep-2025 22:34:53 America/Guatemala] PHP Fatal error:  Declaration of InquilinosController::view($id) must be compatible with BaseController::view($viewFile, $data = []) in /Applications/MAMP/htdocs/sistema_mercado/controllers/InquilinosController.php on line 307
[21-Sep-2025 22:38:28 America/Guatemala] PHP Fatal error:  Declaration of InquilinosController::view($id) must be compatible with BaseController::view($viewFile, $data = []) in /Applications/MAMP/htdocs/sistema_mercado/controllers/InquilinosController.php on line 307
[21-Sep-2025 22:51:39 America/Guatemala] PHP Fatal error:  Declaration of InquilinosController::view($id) must be compatible with BaseController::view($viewFile, $data = []) in /Applications/MAMP/htdocs/sistema_mercado/controllers/InquilinosController.php on line 307
[21-Sep-2025 22:51:41 America/Guatemala] PHP Fatal error:  Declaration of InquilinosController::view($id) must be compatible with BaseController::view($viewFile, $data = []) in /Applications/MAMP/htdocs/sistema_mercado/controllers/InquilinosController.php on line 307
[21-Sep-2025 22:51:41 America/Guatemala] PHP Fatal error:  Declaration of InquilinosController::view($id) must be compatible with BaseController::view($viewFile, $data = []) in /Applications/MAMP/htdocs/sistema_mercado/controllers/InquilinosController.php on line 307
[21-Sep-2025 22:51:42 America/Guatemala] PHP Fatal error:  Declaration of InquilinosController::view($id) must be compatible with BaseController::view($viewFile, $data = []) in /Applications/MAMP/htdocs/sistema_mercado/controllers/InquilinosController.php on line 307
[21-Sep-2025 22:51:42 America/Guatemala] PHP Fatal error:  Declaration of InquilinosController::view($id) must be compatible with BaseController::view($viewFile, $data = []) in /Applications/MAMP/htdocs/sistema_mercado/controllers/InquilinosController.php on line 307
[21-Sep-2025 22:51:42 America/Guatemala] PHP Fatal error:  Declaration of InquilinosController::view($id) must be compatible with BaseController::view($viewFile, $data = []) in /Applications/MAMP/htdocs/sistema_mercado/controllers/InquilinosController.php on line 307
[21-Sep-2025 22:51:42 America/Guatemala] PHP Fatal error:  Declaration of InquilinosController::view($id) must be compatible with BaseController::view($viewFile, $data = []) in /Applications/MAMP/htdocs/sistema_mercado/controllers/InquilinosController.php on line 307
[21-Sep-2025 22:55:02 America/Guatemala] PHP Fatal error:  Declaration of InquilinosController::view($id) must be compatible with BaseController::view($viewFile, $data = []) in /Applications/MAMP/htdocs/sistema_mercado/controllers/InquilinosController.php on line 307
[21-Sep-2025 22:55:03 America/Guatemala] PHP Fatal error:  Declaration of InquilinosController::view($id) must be compatible with BaseController::view($viewFile, $data = []) in /Applications/MAMP/htdocs/sistema_mercado/controllers/InquilinosController.php on line 307
[21-Sep-2025 22:55:03 America/Guatemala] PHP Fatal error:  Declaration of InquilinosController::view($id) must be compatible with BaseController::view($viewFile, $data = []) in /Applications/MAMP/htdocs/sistema_mercado/controllers/InquilinosController.php on line 307
[21-Sep-2025 22:55:03 America/Guatemala] PHP Fatal error:  Declaration of InquilinosController::view($id) must be compatible with BaseController::view($viewFile, $data = []) in /Applications/MAMP/htdocs/sistema_mercado/controllers/InquilinosController.php on line 307
[21-Sep-2025 22:57:29 America/Guatemala] PHP Fatal error:  Declaration of InquilinosController::view($id) must be compatible with BaseController::view($viewFile, $data = []) in /Applications/MAMP/htdocs/sistema_mercado/controllers/InquilinosController.php on line 307
[21-Sep-2025 23:09:41 America/Guatemala] PHP Fatal error:  Declaration of InquilinosController::view($id) must be compatible with BaseController::view($viewFile, $data = []) in /Applications/MAMP/htdocs/sistema_mercado/controllers/InquilinosController.php on line 307
